1 93.7021 5.5991 0.8105
2 90.0897 8.1357 1.9414
3 84.82 11.897 3.564
4 77.1274 17.084 5.951
5 67.1214 23.7562 9.4043
6 55.0337 31.1755 14.1206
7 41.8138 38.2105 20.3696
8 29.6285 42.7906 27.9814
9 20.0213 43.7587 36.6064
10 13.5308 41.4474 45.4466
11 9.4874 37.1829 53.7264
12 7.0866 32.1754 61.1449
13 5.6535 27.0325 67.5596
14 4.8757 22.3989 72.9319
15 4.41 18.4384 77.5516
16 4.1742 14.9783 81.3386
17 4.0521 12.1723 84.3721
18 4.0067 9.808 86.8951
19 3.9775 7.8625 88.8767
20 3.9959 6.3208 90.3171
21 4.0009 5.0561 91.4817
22 3.9689 4.0588 92.4673
23 3.9581 3.2632 93.2052
24 3.9613 2.5906 94.0585
25 4.0048 2.0731 94.6038
26 3.9911 1.6619 95.1483
27 3.9607 1.3442 95.6174
28 3.9658 1.0769 95.9957
29 3.9222 0.8635 96.0983
30 3.8908 0.6977 96.1841
31 3.8857 0.5547 96.2513
32 3.8914 0.4398 96.2769
33 3.873 0.3553 96.343
34 3.8812 0.2812 96.5096
35 3.8344 0.227 96.7377
36 3.8118 0.1782 96.9354
37 3.8093 0.1415 96.9502
38 3.8077 0.1111 96.8716
39 3.8093 0.0915 96.7492
40 3.843 0.0725 96.7399
